<?xml version="1.0" encoding="UTF-8"?>
<testsuites name="KatalonGitTest" time="18.085" tests="2" failures="0" skips="0" errors="0">
   <testsuite name="KatalonGitTest" tests="2" failures="0" errors="0" time="18.085" skips="0" timestamp="2021-01-20 10:31:20" hostname="PNV - SGH649TX82.kms.com.vn" id="Test Suites/KatalonGitTest">
      <properties>
         <property name="deviceName" value=""/>
         <property name="devicePlatform" value=""/>
         <property name="logFolder" value="C:\\Users\\PNV\\git\\KatalonGitTest\\Reports\\20210120_103114\\KatalonGitTest\\20210120_103114"/>
         <property name="logFiles" value="C:\\Users\\PNV\\git\\KatalonGitTest\\Reports\\20210120_103114\\KatalonGitTest\\20210120_103114\\execution0.log"/>
         <property name="attachments" value=""/>
         <property name="hostName" value="PNV - SGH649TX82.kms.com.vn"/>
         <property name="os" value="Windows 10 64bit"/>
         <property name="katalonVersion" value="7.8.1.208"/>
         <property name="browser" value="Chrome 87.0.4280.141"/>
         <property name="hostAddress" value="192.168.182.22"/>
         <property name="sessionId" value="88f7768e4358dff5a0d9f3792a5d938a"/>
         <property name="seleniumVersion" value="3.141.59"/>
         <property name="proxyInformation" value="ProxyInformation { proxyOption=NO_PROXY, proxyServerType=HTTP, username=, password=********, proxyServerAddress=, proxyServerPort=0, executionList=&quot;&quot;, isApplyToDesiredCapabilities=true }"/>
         <property name="platform" value="Windows 10"/>
      </properties>
      <testcase name="Test Cases/Test1BySim" time="0.293" classname="Test Cases/Test1BySim" status="PASSED">
         <system-out><![CDATA[2021-01-20 10:31:21 - [TEST_CASE][PASSED] - Test Cases/Test1BySim: Test Cases/Test1BySim

2021-01-20 10:31:22 - [TEST_STEP][PASSED] - return null: null]]></system-out>
         <system-err><![CDATA[]]></system-err>
      </testcase>
      <testcase name="Test Cases/Test2BySim" time="16.806" classname="Test Cases/Test2BySim" status="PASSED">
         <system-out><![CDATA[2021-01-20 10:31:22 - [TEST_CASE][PASSED] - Test Cases/Test2BySim: Test Cases/Test2BySim

2021-01-20 10:31:22 - [TEST_STEP][PASSED] - openBrowser(""): Browser is opened with url: ''

2021-01-20 10:31:22 - [MESSAGE][INFO] - Starting 'Chrome' driver

2021-01-20 10:31:22 - [MESSAGE][INFO] - Action delay is set to 0 milliseconds

2021-01-20 10:31:27 - [MESSAGE][PASSED] - Browser is opened with url: ''

2021-01-20 10:31:27 - [TEST_STEP][PASSED] - navigateToUrl("https://katalon-demo-cura.herokuapp.com/"): Navigate to 'https://katalon-demo-cura.herokuapp.com/' successfully

2021-01-20 10:31:30 - [MESSAGE][PASSED] - Navigate to 'https://katalon-demo-cura.herokuapp.com/' successfully

2021-01-20 10:31:30 - [TEST_STEP][PASSED] - click(findTestObject("Object Repository/Test2BySim_Script/Page_CURA Healthcare Service/a_Make Appointment")): Object: 'Object Repository/Test2BySim_Script/Page_CURA Healthcare Service/a_Make Appointment' is clicked on

2021-01-20 10:31:31 - [MESSAGE][PASSED] - Object: 'Object Repository/Test2BySim_Script/Page_CURA Healthcare Service/a_Make Appointment' is clicked on

2021-01-20 10:31:31 - [TEST_STEP][PASSED] - setText(findTestObject("Object Repository/Test2BySim_Script/Page_CURA Healthcare Service/input_Username_username"), "John Doe"): Text 'John Doe' is set on object 'Object Repository/Test2BySim_Script/Page_CURA Healthcare Service/input_Username_username'

2021-01-20 10:31:32 - [MESSAGE][PASSED] - Text 'John Doe' is set on object 'Object Repository/Test2BySim_Script/Page_CURA Healthcare Service/input_Username_username'

2021-01-20 10:31:32 - [TEST_STEP][PASSED] - setEncryptedText(findTestObject("Object Repository/Test2BySim_Script/Page_CURA Healthcare Service/input_Password_password"), "g3/DOGG74jC3Flrr3yH+3D/yKbOqqUNM"): Text ****** has been set on object 'Object Repository/Test2BySim_Script/Page_CURA Healthcare Service/input_Password_password'

2021-01-20 10:31:32 - [MESSAGE][PASSED] - Text ****** has been set on object 'Object Repository/Test2BySim_Script/Page_CURA Healthcare Service/input_Password_password'

2021-01-20 10:31:32 - [TEST_STEP][PASSED] - click(findTestObject("Object Repository/Test2BySim_Script/Page_CURA Healthcare Service/button_Login")): Object: 'Object Repository/Test2BySim_Script/Page_CURA Healthcare Service/button_Login' is clicked on

2021-01-20 10:31:33 - [MESSAGE][PASSED] - Object: 'Object Repository/Test2BySim_Script/Page_CURA Healthcare Service/button_Login' is clicked on

2021-01-20 10:31:33 - [TEST_STEP][PASSED] - selectOptionByValue(findTestObject("Object Repository/Test2BySim_Script/Page_CURA Healthcare Service/select_Tokyo CURA Healthcare Center        _5b4107"), "Hongkong CURA Healthcare Center", true): All options with value 'Hongkong CURA Healthcare Center' are selected in object 'Object Repository/Test2BySim_Script/Page_CURA Healthcare Service/select_Tokyo CURA Healthcare Center        _5b4107'  using regular expression

2021-01-20 10:31:35 - [MESSAGE][PASSED] - All options with value 'Hongkong CURA Healthcare Center' are selected in object 'Object Repository/Test2BySim_Script/Page_CURA Healthcare Service/select_Tokyo CURA Healthcare Center        _5b4107'  using regular expression

2021-01-20 10:31:35 - [TEST_STEP][PASSED] - click(findTestObject("Object Repository/Test2BySim_Script/Page_CURA Healthcare Service/label_Apply for hospital readmission")): Object: 'Object Repository/Test2BySim_Script/Page_CURA Healthcare Service/label_Apply for hospital readmission' is clicked on

2021-01-20 10:31:35 - [MESSAGE][PASSED] - Object: 'Object Repository/Test2BySim_Script/Page_CURA Healthcare Service/label_Apply for hospital readmission' is clicked on

2021-01-20 10:31:35 - [TEST_STEP][PASSED] - click(findTestObject("Object Repository/Test2BySim_Script/Page_CURA Healthcare Service/input_Visit Date (Required)_visit_date")): Object: 'Object Repository/Test2BySim_Script/Page_CURA Healthcare Service/input_Visit Date (Required)_visit_date' is clicked on

2021-01-20 10:31:35 - [MESSAGE][PASSED] - Object: 'Object Repository/Test2BySim_Script/Page_CURA Healthcare Service/input_Visit Date (Required)_visit_date' is clicked on

2021-01-20 10:31:35 - [TEST_STEP][PASSED] - click(findTestObject("Object Repository/Test2BySim_Script/Page_CURA Healthcare Service/td_20")): Object: 'Object Repository/Test2BySim_Script/Page_CURA Healthcare Service/td_20' is clicked on

2021-01-20 10:31:36 - [MESSAGE][PASSED] - Object: 'Object Repository/Test2BySim_Script/Page_CURA Healthcare Service/td_20' is clicked on

2021-01-20 10:31:36 - [TEST_STEP][PASSED] - setText(findTestObject("Object Repository/Test2BySim_Script/Page_CURA Healthcare Service/textarea_Comment_comment"), "Test 2 By Sim"): Text 'Test 2 By Sim' is set on object 'Object Repository/Test2BySim_Script/Page_CURA Healthcare Service/textarea_Comment_comment'

2021-01-20 10:31:37 - [MESSAGE][PASSED] - Text 'Test 2 By Sim' is set on object 'Object Repository/Test2BySim_Script/Page_CURA Healthcare Service/textarea_Comment_comment'

2021-01-20 10:31:37 - [TEST_STEP][PASSED] - click(findTestObject("Object Repository/Test2BySim_Script/Page_CURA Healthcare Service/button_Book Appointment")): Object: 'Object Repository/Test2BySim_Script/Page_CURA Healthcare Service/button_Book Appointment' is clicked on

2021-01-20 10:31:37 - [MESSAGE][PASSED] - Object: 'Object Repository/Test2BySim_Script/Page_CURA Healthcare Service/button_Book Appointment' is clicked on

2021-01-20 10:31:37 - [TEST_STEP][PASSED] - closeBrowser(): Browser is closed

2021-01-20 10:31:38 - [MESSAGE][PASSED] - Browser is closed]]></system-out>
         <system-err><![CDATA[]]></system-err>
      </testcase>
      <system-out><![CDATA[2021-01-20 10:31:20 - [TEST_SUITE][INCOMPLETE] - KatalonGitTest: null]]></system-out>
      <system-err><![CDATA[2021-01-20 10:31:20 - [TEST_SUITE][INCOMPLETE] - KatalonGitTest: null]]></system-err>
   </testsuite>
</testsuites>
